<?xml version="1.0" encoding="UTF-8"?>
<!-- Generated by org.testng.reporters.JUnitXMLReporter -->
<testsuite ignored="0" hostname="HDC1-L-F1V7CW1" failures="1" tests="1" name="Command line test" time="1.024" errors="0" timestamp="2021-08-11T10:12:10 IST">
  <testcase classname="io.cucumber.testng.AbstractTestNGCucumberTests" name="runScenario" time="0.447">
    <failure type="java.lang.NullPointerException">
      <![CDATA[java.lang.NullPointerException
at framework.controllers.WebDriverController.createDriver(WebDriverController.java:32)
at framework.controllers.WebDriverController.getDriver(WebDriverController.java:24)
at framework.picocontainerdependency.TestContext.<init>(TestContext.java:21)
at org.picocontainer.injectors.AbstractInjector.newInstance(AbstractInjector.java:145)
at org.picocontainer.injectors.ConstructorInjector$1.run(ConstructorInjector.java:342)
at org.picocontainer.injectors.AbstractInjector$ThreadLocalCyclicDependencyGuard.observe(AbstractInjector.java:270)
at org.picocontainer.injectors.ConstructorInjector.getComponentInstance(ConstructorInjector.java:364)
at org.picocontainer.injectors.AbstractInjectionFactory$LifecycleAdapter.getComponentInstance(AbstractInjectionFactory.java:56)
at org.picocontainer.behaviors.AbstractBehavior.getComponentInstance(AbstractBehavior.java:64)
at org.picocontainer.behaviors.Stored.getComponentInstance(Stored.java:91)
at org.picocontainer.DefaultPicoContainer.getInstance(DefaultPicoContainer.java:699)
at org.picocontainer.DefaultPicoContainer.getComponent(DefaultPicoContainer.java:647)
at org.picocontainer.DefaultPicoContainer.getComponent(DefaultPicoContainer.java:632)
at org.picocontainer.parameters.BasicComponentParameter$1.resolveInstance(BasicComponentParameter.java:118)
at org.picocontainer.parameters.ComponentParameter$1.resolveInstance(ComponentParameter.java:136)
at org.picocontainer.injectors.SingleMemberInjector.getParameter(SingleMemberInjector.java:78)
at org.picocontainer.injectors.ConstructorInjector$CtorAndAdapters.getParameterArguments(ConstructorInjector.java:309)
at org.picocontainer.injectors.ConstructorInjector$1.run(ConstructorInjector.java:335)
at org.picocontainer.injectors.AbstractInjector$ThreadLocalCyclicDependencyGuard.observe(AbstractInjector.java:270)
at org.picocontainer.injectors.ConstructorInjector.getComponentInstance(ConstructorInjector.java:364)
at org.picocontainer.injectors.AbstractInjectionFactory$LifecycleAdapter.getComponentInstance(AbstractInjectionFactory.java:56)
at org.picocontainer.behaviors.AbstractBehavior.getComponentInstance(AbstractBehavior.java:64)
at org.picocontainer.behaviors.Stored.getComponentInstance(Stored.java:91)
at org.picocontainer.DefaultPicoContainer.getInstance(DefaultPicoContainer.java:699)
at org.picocontainer.DefaultPicoContainer.getComponent(DefaultPicoContainer.java:647)
at org.picocontainer.DefaultPicoContainer.getComponent(DefaultPicoContainer.java:678)
at io.cucumber.picocontainer.PicoFactory.getInstance(PicoFactory.java:49)
at io.cucumber.java.AbstractGlueDefinition.invokeMethod(AbstractGlueDefinition.java:44)
at io.cucumber.java.JavaHookDefinition.execute(JavaHookDefinition.java:59)
at io.cucumber.core.runner.CoreHookDefinition.execute(CoreHookDefinition.java:44)
at io.cucumber.core.runner.HookDefinitionMatch.runStep(HookDefinitionMatch.java:21)
at io.cucumber.core.runner.TestStep.executeStep(TestStep.java:92)
at io.cucumber.core.runner.TestStep.run(TestStep.java:63)
at io.cucumber.core.runner.TestCase.run(TestCase.java:94)
at io.cucumber.core.runner.Runner.runPickle(Runner.java:71)
at io.cucumber.testng.TestNGCucumberRunner.lambda$runScenario$0(TestNGCucumberRunner.java:115)
at io.cucumber.core.runtime.CucumberExecutionContext.runTestCase(CucumberExecutionContext.java:131)
at io.cucumber.testng.TestNGCucumberRunner.runScenario(TestNGCucumberRunner.java:112)
at io.cucumber.testng.AbstractTestNGCucumberTests.runScenario(AbstractTestNGCucumberTests.java:31)
at java.base/java.util.ArrayList.forEach(ArrayList.java:1511)
... Removed 41 stack frames]]>
    </failure>
  </testcase> <!-- runScenario -->
</testsuite> <!-- Command line test -->
